<?xml version="1.0" encoding="UTF-8"?>
<!-- Generated by org.testng.reporters.JUnitReportReporter -->
<testsuite hostname="DESKTOP-2P2K9S1" failures="0" tests="1" name="payload.MockTest" time="2.389" errors="0" timestamp="2024-09-02T14:24:49 IST" skipped="0">
  <testcase classname="payload.MockTest" name="validatetest" time="2.389"/>
</testsuite> <!-- payload.MockTest -->
