<?xml version="1.0" encoding="UTF-8"?>
<!-- Generated by org.testng.reporters.JUnitReportReporter -->
<testsuite hostname="DESKTOP-2P2K9S1" failures="0" tests="1" name="automationPractice.Deposit2" time="0.003" errors="0" timestamp="2024-09-03T17:13:35 IST" skipped="0">
  <testcase classname="automationPractice.Deposit2" name="cash" time="0.003"/>
</testsuite> <!-- automationPractice.Deposit2 -->
