<?xml version="1.0" encoding="UTF-8"?>
<!-- Generated by org.testng.reporters.JUnitReportReporter -->
<testsuite hostname="DESKTOP-2P2K9S1" failures="0" tests="3" name="automationPractice.Testday2" time="0.029" errors="0" timestamp="2024-09-04T16:17:36 IST" skipped="0">
  <testcase classname="automationPractice.Testday2" name="ValidatePersonIcon" time="0.009"/>
  <testcase classname="automationPractice.Testday2" name="validateSearch" time="0.009"/>
  <testcase classname="automationPractice.Testday2" name="validateCartIcon" time="0.011"/>
</testsuite> <!-- automationPractice.Testday2 -->
