<?xml version="1.0" encoding="UTF-8"?>
<!-- Generated by org.testng.reporters.JUnitReportReporter -->
<testsuite hostname="DESKTOP-2P2K9S1" failures="0" tests="1" name="extent_basics.LoginTest" time="0.585" errors="0" timestamp="2024-08-24T14:08:21 IST" skipped="0">
  <testcase classname="extent_basics.LoginTest" name="login" time="0.585"/>
</testsuite> <!-- extent_basics.LoginTest -->
