<?xml version="1.0" encoding="UTF-8"?>
<!-- Generated by org.testng.reporters.JUnitReportReporter -->
<testsuite hostname="DESKTOP-2P2K9S1" failures="0" tests="1" name="Pojo.CollectData" time="2.472" errors="0" timestamp="2024-08-31T14:24:50 IST" skipped="0">
  <testcase classname="Pojo.CollectData" name="collection" time="2.472"/>
</testsuite> <!-- Pojo.CollectData -->
