<?xml version="1.0" encoding="UTF-8"?>
<!-- Generated by org.testng.reporters.JUnitReportReporter -->
<testsuite hostname="DESKTOP-2P2K9S1" failures="0" tests="1" name="extent_professional.RegistrationTest" time="0.018" errors="0" timestamp="2024-08-24T16:01:39 IST" skipped="0">
  <testcase classname="extent_professional.RegistrationTest" name="register" time="0.018"/>
</testsuite> <!-- extent_professional.RegistrationTest -->
