<?xml version="1.0" encoding="UTF-8"?>
<!-- Generated by org.testng.reporters.JUnitReportReporter -->
<testsuite hostname="DESKTOP-2P2K9S1" failures="0" tests="1" name="automationPractice.Testday1" time="0.011" errors="0" timestamp="2024-09-04T16:10:24 IST" skipped="0">
  <testcase classname="automationPractice.Testday1" name="loginWithValidDetails" time="0.011"/>
</testsuite> <!-- automationPractice.Testday1 -->
