<?xml version="1.0" encoding="UTF-8"?>
<!-- Generated by org.testng.reporters.JUnitReportReporter -->
<testsuite hostname="DESKTOP-2P2K9S1" failures="0" tests="2" name="testngCodestudio.ParallelTestDemo2" time="13.143" errors="0" timestamp="2024-09-04T19:38:46 IST" skipped="0">
  <testcase classname="testngCodestudio.ParallelTestDemo2" name="verifyLogin" time="6.656"/>
  <testcase classname="testngCodestudio.ParallelTestDemo2" name="verifyLogin" time="6.487"/>
</testsuite> <!-- testngCodestudio.ParallelTestDemo2 -->
