<?xml version="1.0" encoding="UTF-8"?>
<!-- Generated by org.testng.reporters.JUnitReportReporter -->
<testsuite hostname="DESKTOP-2P2K9S1" failures="0" tests="1" name="extent_professional.LogoutTest" time="0.013" errors="0" timestamp="2024-08-24T16:01:39 IST" skipped="0">
  <testcase classname="extent_professional.LogoutTest" name="Logout" time="0.013"/>
</testsuite> <!-- extent_professional.LogoutTest -->
